Solid Edge Translation to STL
Date: Thursday,October 09,2025 04:31PM
Source File:C:\Users\ripperuser\Documents\sonex_flap_control\Solid Edge\FacePlate.par
Source System: SOLID EDGE

Hardware:
Processor: Intel(R) Xeon(R) CPU E5-2650 v3 @ 2.30GHz
Operating System: Windows 10 Professional
Installed Memory: 63.92 GB

Software Information:
Parasolid Version: 37.0.118
PSBodyshop Version: 37.0.94
STL Adapter Version: 15.0.142
Solid Edge Version: 225.00.01.004 x64

STL Export Options:
Output File Format:BINARY
Export Displayed Parts:Off
structureOption: Monolithic
Export Units:Inch
Export Tolerance Value:0.050000
Export Tolerance Type:Custom
Export Surface Plane Angle Value:0.523599

Translation progress:
Translation process completed
Time required to translate:00 : 00 : 00
